<?xml version="1.0" encoding="UTF-8"?>
<testng-results ignored="0" total="1" passed="1" failed="0" skipped="0">
  <reporter-output>
  </reporter-output>
  <suite started-at="2025-07-08T13:57:06 IST" name="Default suite" finished-at="2025-07-08T13:57:21 IST" duration-ms="15750">
    <groups>
    </groups>
    <test started-at="2025-07-08T13:57:06 IST" name="Default test" finished-at="2025-07-08T13:57:21 IST" duration-ms="15750">
      <class name="com.ui.orangeHRM.testLayer.LoginPageTest">
        <test-method is-config="true" signature="setUp()[pri:0, instance:com.ui.orangeHRM.testLayer.LoginPageTest@18078bef]" started-at="2025-07-08T13:57:06 IST" name="setUp" finished-at="2025-07-08T13:57:16 IST" duration-ms="10142" status="PASS">
          <reporter-output>
          </reporter-output>
        </test-method> <!-- setUp -->
        <test-method signature="validateLoginPageFunctionality()[pri:0, instance:com.ui.orangeHRM.testLayer.LoginPageTest@18078bef]" started-at="2025-07-08T13:57:16 IST" name="validateLoginPageFunctionality" finished-at="2025-07-08T13:57:17 IST" duration-ms="1141" status="PASS">
          <reporter-output>
          </reporter-output>
        </test-method> <!-- validateLoginPageFunctionality -->
        <test-method is-config="true" signature="tearDown()[pri:0, instance:com.ui.orangeHRM.testLayer.LoginPageTest@18078bef]" started-at="2025-07-08T13:57:17 IST" name="tearDown" finished-at="2025-07-08T13:57:21 IST" duration-ms="4440" status="PASS">
          <reporter-output>
          </reporter-output>
        </test-method> <!-- tearDown -->
      </class> <!-- com.ui.orangeHRM.testLayer.LoginPageTest -->
    </test> <!-- Default test -->
  </suite> <!-- Default suite -->
</testng-results>
